[0.021s] Invoking command in '/home/harsh/airavat_1.0_ros2_simulation/build/airavat_description': CMAKE_PREFIX_PATH=/opt/ros/humble /usr/bin/cmake /home/harsh/airavat_1.0_ros2_simulation/src/airavat_description -DCMAKE_INSTALL_PREFIX=/home/harsh/airavat_1.0_ros2_simulation/install/airavat_description
[0.149s] -- The C compiler identification is GNU 11.4.0
[0.263s] -- The CXX compiler identification is GNU 11.4.0
[0.276s] -- Detecting C compiler ABI info
[0.389s] -- Detecting C compiler ABI info - done
[0.400s] -- Check for working C compiler: /usr/bin/cc - skipped
[0.400s] -- Detecting C compile features
[0.401s] -- Detecting C compile features - done
[0.406s] -- Detecting CXX compiler ABI info
[0.526s] -- Detecting CXX compiler ABI info - done
[0.540s] -- Check for working CXX compiler: /usr/bin/c++ - skipped
[0.541s] -- Detecting CXX compile features
[0.542s] -- Detecting CXX compile features - done
[0.545s] -- Found ament_cmake: 1.3.12 (/opt/ros/humble/share/ament_cmake/cmake)
[0.960s] -- Found Python3: /usr/bin/python3 (found version "3.10.12") found components: Interpreter 
[1.151s] -- Configuring done
[1.154s] -- Generating done
[1.156s] -- Build files have been written to: /home/harsh/airavat_1.0_ros2_simulation/build/airavat_description
[1.160s] Invoked command in '/home/harsh/airavat_1.0_ros2_simulation/build/airavat_description' returned '0': CMAKE_PREFIX_PATH=/opt/ros/humble /usr/bin/cmake /home/harsh/airavat_1.0_ros2_simulation/src/airavat_description -DCMAKE_INSTALL_PREFIX=/home/harsh/airavat_1.0_ros2_simulation/install/airavat_description
[1.162s] Invoking command in '/home/harsh/airavat_1.0_ros2_simulation/build/airavat_description': CMAKE_PREFIX_PATH=/opt/ros/humble /usr/bin/cmake --build /home/harsh/airavat_1.0_ros2_simulation/build/airavat_description -- -j24 -l24
[1.227s] Invoked command in '/home/harsh/airavat_1.0_ros2_simulation/build/airavat_description' returned '0': CMAKE_PREFIX_PATH=/opt/ros/humble /usr/bin/cmake --build /home/harsh/airavat_1.0_ros2_simulation/build/airavat_description -- -j24 -l24
[1.229s] Invoking command in '/home/harsh/airavat_1.0_ros2_simulation/build/airavat_description': CMAKE_PREFIX_PATH=/opt/ros/humble /usr/bin/cmake --install /home/harsh/airavat_1.0_ros2_simulation/build/airavat_description
[1.240s] -- Install configuration: ""
[1.242s] -- Installing: /home/harsh/airavat_1.0_ros2_simulation/install/airavat_description/share/airavat_description//urdf
[1.242s] -- Installing: /home/harsh/airavat_1.0_ros2_simulation/install/airavat_description/share/airavat_description//urdf/lidar.xacro
[1.242s] -- Installing: /home/harsh/airavat_1.0_ros2_simulation/install/airavat_description/share/airavat_description//urdf/my_airavat_1.0_gazebo.xacro
[1.242s] -- Installing: /home/harsh/airavat_1.0_ros2_simulation/install/airavat_description/share/airavat_description//urdf/my_airavat_1.0_compiled.urdf.xacro
[1.242s] -- Installing: /home/harsh/airavat_1.0_ros2_simulation/install/airavat_description/share/airavat_description//urdf/my_airavat_1.0_common_prop.xacro
[1.242s] -- Installing: /home/harsh/airavat_1.0_ros2_simulation/install/airavat_description/share/airavat_description//urdf/camera.xacro
[1.242s] -- Installing: /home/harsh/airavat_1.0_ros2_simulation/install/airavat_description/share/airavat_description//urdf/my_airavat_1.0_base.xacro
[1.243s] -- Installing: /home/harsh/airavat_1.0_ros2_simulation/install/airavat_description/share/airavat_description//urdf/imu.xacro
[1.243s] -- Installing: /home/harsh/airavat_1.0_ros2_simulation/install/airavat_description/share/airavat_description//rviz
[1.243s] -- Installing: /home/harsh/airavat_1.0_ros2_simulation/install/airavat_description/share/airavat_description//rviz/rviz_config.rviz.bckp
[1.243s] -- Installing: /home/harsh/airavat_1.0_ros2_simulation/install/airavat_description/share/airavat_description//rviz/rviz_config.rviz
[1.243s] -- Installing: /home/harsh/airavat_1.0_ros2_simulation/install/airavat_description/share/airavat_description//launch
[1.243s] -- Installing: /home/harsh/airavat_1.0_ros2_simulation/install/airavat_description/share/airavat_description//launch/display.launch.py
[1.244s] -- Installing: /home/harsh/airavat_1.0_ros2_simulation/install/airavat_description/share/ament_index/resource_index/package_run_dependencies/airavat_description
[1.244s] -- Installing: /home/harsh/airavat_1.0_ros2_simulation/install/airavat_description/share/ament_index/resource_index/parent_prefix_path/airavat_description
[1.244s] -- Installing: /home/harsh/airavat_1.0_ros2_simulation/install/airavat_description/share/airavat_description/environment/ament_prefix_path.sh
[1.244s] -- Installing: /home/harsh/airavat_1.0_ros2_simulation/install/airavat_description/share/airavat_description/environment/ament_prefix_path.dsv
[1.244s] -- Installing: /home/harsh/airavat_1.0_ros2_simulation/install/airavat_description/share/airavat_description/environment/path.sh
[1.244s] -- Installing: /home/harsh/airavat_1.0_ros2_simulation/install/airavat_description/share/airavat_description/environment/path.dsv
[1.244s] -- Installing: /home/harsh/airavat_1.0_ros2_simulation/install/airavat_description/share/airavat_description/local_setup.bash
[1.244s] -- Installing: /home/harsh/airavat_1.0_ros2_simulation/install/airavat_description/share/airavat_description/local_setup.sh
[1.245s] -- Installing: /home/harsh/airavat_1.0_ros2_simulation/install/airavat_description/share/airavat_description/local_setup.zsh
[1.245s] -- Installing: /home/harsh/airavat_1.0_ros2_simulation/install/airavat_description/share/airavat_description/local_setup.dsv
[1.245s] -- Installing: /home/harsh/airavat_1.0_ros2_simulation/install/airavat_description/share/airavat_description/package.dsv
[1.246s] -- Installing: /home/harsh/airavat_1.0_ros2_simulation/install/airavat_description/share/ament_index/resource_index/packages/airavat_description
[1.246s] -- Installing: /home/harsh/airavat_1.0_ros2_simulation/install/airavat_description/share/airavat_description/cmake/airavat_descriptionConfig.cmake
[1.246s] -- Installing: /home/harsh/airavat_1.0_ros2_simulation/install/airavat_description/share/airavat_description/cmake/airavat_descriptionConfig-version.cmake
[1.246s] -- Installing: /home/harsh/airavat_1.0_ros2_simulation/install/airavat_description/share/airavat_description/package.xml
[1.312s] Invoked command in '/home/harsh/airavat_1.0_ros2_simulation/build/airavat_description' returned '0': CMAKE_PREFIX_PATH=/opt/ros/humble /usr/bin/cmake --install /home/harsh/airavat_1.0_ros2_simulation/build/airavat_description
