-- The C compiler identification is GNU 11.4.0
-- The CXX compiler identification is GNU 11.4.0
-- Detecting C compiler ABI info
-- Detecting C compiler ABI info - done
-- Check for working C compiler: /usr/bin/cc - skipped
-- Detecting C compile features
-- Detecting C compile features - done
-- Detecting CXX compiler ABI info
-- Detecting CXX compiler ABI info - done
-- Check for working CXX compiler: /usr/bin/c++ - skipped
-- Detecting CXX compile features
-- Detecting CXX compile features - done
-- Found ament_cmake: 1.3.12 (/opt/ros/humble/share/ament_cmake/cmake)
-- Found Python3: /usr/bin/python3 (found version "3.10.12") found components: Interpreter 
-- Configuring done
-- Generating done
-- Build files have been written to: /home/harsh/airavat_1.0_ros2_simulation/build/airavat_ekf
-- Install configuration: ""
-- Installing: /home/harsh/airavat_1.0_ros2_simulation/install/airavat_ekf/share/airavat_ekf/config
-- Installing: /home/harsh/airavat_1.0_ros2_simulation/install/airavat_ekf/share/airavat_ekf/config/ekf.yaml
-- Installing: /home/harsh/airavat_1.0_ros2_simulation/install/airavat_ekf/share/ament_index/resource_index/package_run_dependencies/airavat_ekf
-- Installing: /home/harsh/airavat_1.0_ros2_simulation/install/airavat_ekf/share/ament_index/resource_index/parent_prefix_path/airavat_ekf
-- Installing: /home/harsh/airavat_1.0_ros2_simulation/install/airavat_ekf/share/airavat_ekf/environment/ament_prefix_path.sh
-- Installing: /home/harsh/airavat_1.0_ros2_simulation/install/airavat_ekf/share/airavat_ekf/environment/ament_prefix_path.dsv
-- Installing: /home/harsh/airavat_1.0_ros2_simulation/install/airavat_ekf/share/airavat_ekf/environment/path.sh
-- Installing: /home/harsh/airavat_1.0_ros2_simulation/install/airavat_ekf/share/airavat_ekf/environment/path.dsv
-- Installing: /home/harsh/airavat_1.0_ros2_simulation/install/airavat_ekf/share/airavat_ekf/local_setup.bash
-- Installing: /home/harsh/airavat_1.0_ros2_simulation/install/airavat_ekf/share/airavat_ekf/local_setup.sh
-- Installing: /home/harsh/airavat_1.0_ros2_simulation/install/airavat_ekf/share/airavat_ekf/local_setup.zsh
-- Installing: /home/harsh/airavat_1.0_ros2_simulation/install/airavat_ekf/share/airavat_ekf/local_setup.dsv
-- Installing: /home/harsh/airavat_1.0_ros2_simulation/install/airavat_ekf/share/airavat_ekf/package.dsv
-- Installing: /home/harsh/airavat_1.0_ros2_simulation/install/airavat_ekf/share/ament_index/resource_index/packages/airavat_ekf
-- Installing: /home/harsh/airavat_1.0_ros2_simulation/install/airavat_ekf/share/airavat_ekf/cmake/airavat_ekfConfig.cmake
-- Installing: /home/harsh/airavat_1.0_ros2_simulation/install/airavat_ekf/share/airavat_ekf/cmake/airavat_ekfConfig-version.cmake
-- Installing: /home/harsh/airavat_1.0_ros2_simulation/install/airavat_ekf/share/airavat_ekf/package.xml
