[0.020s] Invoking command in '/home/harsh/airavat_1.0_ros2_simulation/build/airavat_ekf': CMAKE_PREFIX_PATH=/opt/ros/humble /usr/bin/cmake /home/harsh/airavat_1.0_ros2_simulation/src/airavat_ekf -DCMAKE_INSTALL_PREFIX=/home/harsh/airavat_1.0_ros2_simulation/install/airavat_ekf
[0.147s] -- The C compiler identification is GNU 11.4.0
[0.257s] -- The CXX compiler identification is GNU 11.4.0
[0.271s] -- Detecting C compiler ABI info
[0.381s] -- Detecting C compiler ABI info - done
[0.393s] -- Check for working C compiler: /usr/bin/cc - skipped
[0.394s] -- Detecting C compile features
[0.394s] -- Detecting C compile features - done
[0.399s] -- Detecting CXX compiler ABI info
[0.521s] -- Detecting CXX compiler ABI info - done
[0.532s] -- Check for working CXX compiler: /usr/bin/c++ - skipped
[0.533s] -- Detecting CXX compile features
[0.533s] -- Detecting CXX compile features - done
[0.536s] -- Found ament_cmake: 1.3.12 (/opt/ros/humble/share/ament_cmake/cmake)
[0.941s] -- Found Python3: /usr/bin/python3 (found version "3.10.12") found components: Interpreter 
[1.121s] -- Configuring done
[1.124s] -- Generating done
[1.126s] -- Build files have been written to: /home/harsh/airavat_1.0_ros2_simulation/build/airavat_ekf
[1.132s] Invoked command in '/home/harsh/airavat_1.0_ros2_simulation/build/airavat_ekf' returned '0': CMAKE_PREFIX_PATH=/opt/ros/humble /usr/bin/cmake /home/harsh/airavat_1.0_ros2_simulation/src/airavat_ekf -DCMAKE_INSTALL_PREFIX=/home/harsh/airavat_1.0_ros2_simulation/install/airavat_ekf
[1.135s] Invoking command in '/home/harsh/airavat_1.0_ros2_simulation/build/airavat_ekf': CMAKE_PREFIX_PATH=/opt/ros/humble /usr/bin/cmake --build /home/harsh/airavat_1.0_ros2_simulation/build/airavat_ekf -- -j24 -l24
[1.184s] Invoked command in '/home/harsh/airavat_1.0_ros2_simulation/build/airavat_ekf' returned '0': CMAKE_PREFIX_PATH=/opt/ros/humble /usr/bin/cmake --build /home/harsh/airavat_1.0_ros2_simulation/build/airavat_ekf -- -j24 -l24
[1.200s] Invoking command in '/home/harsh/airavat_1.0_ros2_simulation/build/airavat_ekf': CMAKE_PREFIX_PATH=/opt/ros/humble /usr/bin/cmake --install /home/harsh/airavat_1.0_ros2_simulation/build/airavat_ekf
[1.212s] -- Install configuration: ""
[1.212s] -- Installing: /home/harsh/airavat_1.0_ros2_simulation/install/airavat_ekf/share/airavat_ekf/config
[1.213s] -- Installing: /home/harsh/airavat_1.0_ros2_simulation/install/airavat_ekf/share/airavat_ekf/config/ekf.yaml
[1.213s] -- Installing: /home/harsh/airavat_1.0_ros2_simulation/install/airavat_ekf/share/ament_index/resource_index/package_run_dependencies/airavat_ekf
[1.213s] -- Installing: /home/harsh/airavat_1.0_ros2_simulation/install/airavat_ekf/share/ament_index/resource_index/parent_prefix_path/airavat_ekf
[1.213s] -- Installing: /home/harsh/airavat_1.0_ros2_simulation/install/airavat_ekf/share/airavat_ekf/environment/ament_prefix_path.sh
[1.213s] -- Installing: /home/harsh/airavat_1.0_ros2_simulation/install/airavat_ekf/share/airavat_ekf/environment/ament_prefix_path.dsv
[1.213s] -- Installing: /home/harsh/airavat_1.0_ros2_simulation/install/airavat_ekf/share/airavat_ekf/environment/path.sh
[1.213s] -- Installing: /home/harsh/airavat_1.0_ros2_simulation/install/airavat_ekf/share/airavat_ekf/environment/path.dsv
[1.213s] -- Installing: /home/harsh/airavat_1.0_ros2_simulation/install/airavat_ekf/share/airavat_ekf/local_setup.bash
[1.213s] -- Installing: /home/harsh/airavat_1.0_ros2_simulation/install/airavat_ekf/share/airavat_ekf/local_setup.sh
[1.213s] -- Installing: /home/harsh/airavat_1.0_ros2_simulation/install/airavat_ekf/share/airavat_ekf/local_setup.zsh
[1.213s] -- Installing: /home/harsh/airavat_1.0_ros2_simulation/install/airavat_ekf/share/airavat_ekf/local_setup.dsv
[1.214s] -- Installing: /home/harsh/airavat_1.0_ros2_simulation/install/airavat_ekf/share/airavat_ekf/package.dsv
[1.214s] -- Installing: /home/harsh/airavat_1.0_ros2_simulation/install/airavat_ekf/share/ament_index/resource_index/packages/airavat_ekf
[1.214s] -- Installing: /home/harsh/airavat_1.0_ros2_simulation/install/airavat_ekf/share/airavat_ekf/cmake/airavat_ekfConfig.cmake
[1.215s] -- Installing: /home/harsh/airavat_1.0_ros2_simulation/install/airavat_ekf/share/airavat_ekf/cmake/airavat_ekfConfig-version.cmake
[1.215s] -- Installing: /home/harsh/airavat_1.0_ros2_simulation/install/airavat_ekf/share/airavat_ekf/package.xml
[1.227s] Invoked command in '/home/harsh/airavat_1.0_ros2_simulation/build/airavat_ekf' returned '0': CMAKE_PREFIX_PATH=/opt/ros/humble /usr/bin/cmake --install /home/harsh/airavat_1.0_ros2_simulation/build/airavat_ekf
