[0.117s] DEBUG:colcon:Command line arguments: ['/usr/bin/colcon', 'build']
[0.117s] DEBUG:colcon:Parsed command line arguments: Namespace(log_base=None, log_level=None, verb_name='build', build_base='build', install_base='install', merge_install=False, symlink_install=False, test_result_base=None, continue_on_error=False, executor='parallel', parallel_workers=24, event_handlers=None, ignore_user_meta=False, metas=['./colcon.meta'], base_paths=['.'], packages_ignore=None, packages_ignore_regex=None, paths=None, packages_up_to=None, packages_up_to_regex=None, packages_above=None, packages_above_and_dependencies=None, packages_above_depth=None, packages_select_by_dep=None, packages_skip_by_dep=None, packages_skip_up_to=None, packages_select_build_failed=False, packages_skip_build_finished=False, packages_select_test_failures=False, packages_skip_test_passed=False, packages_select=None, packages_skip=None, packages_select_regex=None, packages_skip_regex=None, packages_start=None, packages_end=None, allow_overriding=[], cmake_args=None, cmake_target=None, cmake_target_skip_unavailable=False, cmake_clean_cache=False, cmake_clean_first=False, cmake_force_configure=False, ament_cmake_args=None, catkin_cmake_args=None, catkin_skip_building_tests=False, mixin_files=None, mixin=None, verb_parser=<colcon_mixin.mixin.mixin_argument.MixinArgumentDecorator object at 0x733c8014f550>, verb_extension=<colcon_core.verb.build.BuildVerb object at 0x733c8014ebc0>, main=<bound method BuildVerb.main of <colcon_core.verb.build.BuildVerb object at 0x733c8014ebc0>>, mixin_verb=('build',))
[0.170s] Level 1:colcon.colcon_core.package_discovery:discover_packages(colcon_meta) check parameters
[0.170s] Level 1:colcon.colcon_core.package_discovery:discover_packages(recursive) check parameters
[0.170s] Level 1:colcon.colcon_core.package_discovery:discover_packages(ignore) check parameters
[0.170s] Level 1:colcon.colcon_core.package_discovery:discover_packages(path) check parameters
[0.170s] Level 1:colcon.colcon_core.package_discovery:discover_packages(colcon_meta) discover
[0.170s] Level 1:colcon.colcon_core.package_discovery:discover_packages(recursive) discover
[0.170s] INFO:colcon.colcon_core.package_discovery:Crawling recursively for packages in '/home/harsh/airavat_1.0_ros2_simulation'
[0.170s] Level 1:colcon.colcon_core.package_identification:_identify(.) by extensions ['ignore', 'ignore_ament_install']
[0.170s] Level 1:colcon.colcon_core.package_identification:_identify(.) by extension 'ignore'
[0.170s] Level 1:colcon.colcon_core.package_identification:_identify(.) by extension 'ignore_ament_install'
[0.170s] Level 1:colcon.colcon_core.package_identification:_identify(.) by extensions ['colcon_pkg']
[0.170s] Level 1:colcon.colcon_core.package_identification:_identify(.) by extension 'colcon_pkg'
[0.171s] Level 1:colcon.colcon_core.package_identification:_identify(.) by extensions ['colcon_meta']
[0.171s] Level 1:colcon.colcon_core.package_identification:_identify(.) by extension 'colcon_meta'
[0.171s] Level 1:colcon.colcon_core.package_identification:_identify(.) by extensions ['ros']
[0.171s] Level 1:colcon.colcon_core.package_identification:_identify(.) by extension 'ros'
[0.187s] Level 1:colcon.colcon_core.package_identification:_identify(.) by extensions ['cmake', 'python']
[0.187s] Level 1:colcon.colcon_core.package_identification:_identify(.) by extension 'cmake'
[0.188s] Level 1:colcon.colcon_core.package_identification:_identify(.) by extension 'python'
[0.188s] Level 1:colcon.colcon_core.package_identification:_identify(.) by extensions ['python_setup_py']
[0.188s] Level 1:colcon.colcon_core.package_identification:_identify(.) by extension 'python_setup_py'
[0.188s] Level 1:colcon.colcon_core.package_identification:_identify(build) by extensions ['ignore', 'ignore_ament_install']
[0.188s] Level 1:colcon.colcon_core.package_identification:_identify(build) by extension 'ignore'
[0.188s] Level 1:colcon.colcon_core.package_identification:_identify(build) ignored
[0.188s] Level 1:colcon.colcon_core.package_identification:_identify(install) by extensions ['ignore', 'ignore_ament_install']
[0.188s] Level 1:colcon.colcon_core.package_identification:_identify(install) by extension 'ignore'
[0.188s] Level 1:colcon.colcon_core.package_identification:_identify(install) ignored
[0.188s] Level 1:colcon.colcon_core.package_identification:_identify(log) by extensions ['ignore', 'ignore_ament_install']
[0.188s] Level 1:colcon.colcon_core.package_identification:_identify(log) by extension 'ignore'
[0.188s] Level 1:colcon.colcon_core.package_identification:_identify(log) ignored
[0.188s] Level 1:colcon.colcon_core.package_identification:_identify(src) by extensions ['ignore', 'ignore_ament_install']
[0.188s] Level 1:colcon.colcon_core.package_identification:_identify(src) by extension 'ignore'
[0.188s] Level 1:colcon.colcon_core.package_identification:_identify(src) by extension 'ignore_ament_install'
[0.188s] Level 1:colcon.colcon_core.package_identification:_identify(src) by extensions ['colcon_pkg']
[0.188s] Level 1:colcon.colcon_core.package_identification:_identify(src) by extension 'colcon_pkg'
[0.188s] Level 1:colcon.colcon_core.package_identification:_identify(src) by extensions ['colcon_meta']
[0.188s] Level 1:colcon.colcon_core.package_identification:_identify(src) by extension 'colcon_meta'
[0.189s] Level 1:colcon.colcon_core.package_identification:_identify(src) by extensions ['ros']
[0.189s] Level 1:colcon.colcon_core.package_identification:_identify(src) by extension 'ros'
[0.189s] Level 1:colcon.colcon_core.package_identification:_identify(src) by extensions ['cmake', 'python']
[0.189s] Level 1:colcon.colcon_core.package_identification:_identify(src) by extension 'cmake'
[0.189s] Level 1:colcon.colcon_core.package_identification:_identify(src) by extension 'python'
[0.189s] Level 1:colcon.colcon_core.package_identification:_identify(src) by extensions ['python_setup_py']
[0.189s] Level 1:colcon.colcon_core.package_identification:_identify(src) by extension 'python_setup_py'
[0.189s] Level 1:colcon.colcon_core.package_identification:_identify(src/airavat_bringup) by extensions ['ignore', 'ignore_ament_install']
[0.189s] Level 1:colcon.colcon_core.package_identification:_identify(src/airavat_bringup) by extension 'ignore'
[0.189s] Level 1:colcon.colcon_core.package_identification:_identify(src/airavat_bringup) by extension 'ignore_ament_install'
[0.189s] Level 1:colcon.colcon_core.package_identification:_identify(src/airavat_bringup) by extensions ['colcon_pkg']
[0.189s] Level 1:colcon.colcon_core.package_identification:_identify(src/airavat_bringup) by extension 'colcon_pkg'
[0.189s] Level 1:colcon.colcon_core.package_identification:_identify(src/airavat_bringup) by extensions ['colcon_meta']
[0.189s] Level 1:colcon.colcon_core.package_identification:_identify(src/airavat_bringup) by extension 'colcon_meta'
[0.189s] Level 1:colcon.colcon_core.package_identification:_identify(src/airavat_bringup) by extensions ['ros']
[0.189s] Level 1:colcon.colcon_core.package_identification:_identify(src/airavat_bringup) by extension 'ros'
[0.192s] DEBUG:colcon.colcon_core.package_identification:Package 'src/airavat_bringup' with type 'ros.ament_cmake' and name 'airavat_bringup'
[0.192s] Level 1:colcon.colcon_core.package_identification:_identify(src/airavat_description) by extensions ['ignore', 'ignore_ament_install']
[0.192s] Level 1:colcon.colcon_core.package_identification:_identify(src/airavat_description) by extension 'ignore'
[0.192s] Level 1:colcon.colcon_core.package_identification:_identify(src/airavat_description) by extension 'ignore_ament_install'
[0.192s] Level 1:colcon.colcon_core.package_identification:_identify(src/airavat_description) by extensions ['colcon_pkg']
[0.192s] Level 1:colcon.colcon_core.package_identification:_identify(src/airavat_description) by extension 'colcon_pkg'
[0.192s] Level 1:colcon.colcon_core.package_identification:_identify(src/airavat_description) by extensions ['colcon_meta']
[0.192s] Level 1:colcon.colcon_core.package_identification:_identify(src/airavat_description) by extension 'colcon_meta'
[0.192s] Level 1:colcon.colcon_core.package_identification:_identify(src/airavat_description) by extensions ['ros']
[0.192s] Level 1:colcon.colcon_core.package_identification:_identify(src/airavat_description) by extension 'ros'
[0.193s] DEBUG:colcon.colcon_core.package_identification:Package 'src/airavat_description' with type 'ros.ament_cmake' and name 'airavat_description'
[0.193s] Level 1:colcon.colcon_core.package_identification:_identify(src/airavat_ekf) by extensions ['ignore', 'ignore_ament_install']
[0.193s] Level 1:colcon.colcon_core.package_identification:_identify(src/airavat_ekf) by extension 'ignore'
[0.193s] Level 1:colcon.colcon_core.package_identification:_identify(src/airavat_ekf) by extension 'ignore_ament_install'
[0.193s] Level 1:colcon.colcon_core.package_identification:_identify(src/airavat_ekf) by extensions ['colcon_pkg']
[0.193s] Level 1:colcon.colcon_core.package_identification:_identify(src/airavat_ekf) by extension 'colcon_pkg'
[0.193s] Level 1:colcon.colcon_core.package_identification:_identify(src/airavat_ekf) by extensions ['colcon_meta']
[0.193s] Level 1:colcon.colcon_core.package_identification:_identify(src/airavat_ekf) by extension 'colcon_meta'
[0.193s] Level 1:colcon.colcon_core.package_identification:_identify(src/airavat_ekf) by extensions ['ros']
[0.193s] Level 1:colcon.colcon_core.package_identification:_identify(src/airavat_ekf) by extension 'ros'
[0.194s] DEBUG:colcon.colcon_core.package_identification:Package 'src/airavat_ekf' with type 'ros.ament_cmake' and name 'airavat_ekf'
[0.194s] Level 1:colcon.colcon_core.package_identification:_identify(src/airavat_nav2) by extensions ['ignore', 'ignore_ament_install']
[0.194s] Level 1:colcon.colcon_core.package_identification:_identify(src/airavat_nav2) by extension 'ignore'
[0.194s] Level 1:colcon.colcon_core.package_identification:_identify(src/airavat_nav2) by extension 'ignore_ament_install'
[0.194s] Level 1:colcon.colcon_core.package_identification:_identify(src/airavat_nav2) by extensions ['colcon_pkg']
[0.194s] Level 1:colcon.colcon_core.package_identification:_identify(src/airavat_nav2) by extension 'colcon_pkg'
[0.194s] Level 1:colcon.colcon_core.package_identification:_identify(src/airavat_nav2) by extensions ['colcon_meta']
[0.194s] Level 1:colcon.colcon_core.package_identification:_identify(src/airavat_nav2) by extension 'colcon_meta'
[0.194s] Level 1:colcon.colcon_core.package_identification:_identify(src/airavat_nav2) by extensions ['ros']
[0.194s] Level 1:colcon.colcon_core.package_identification:_identify(src/airavat_nav2) by extension 'ros'
[0.195s] DEBUG:colcon.colcon_core.package_identification:Package 'src/airavat_nav2' with type 'ros.ament_cmake' and name 'airavat_nav2'
[0.195s] Level 1:colcon.colcon_core.package_identification:_identify(src/airavat_slam) by extensions ['ignore', 'ignore_ament_install']
[0.195s] Level 1:colcon.colcon_core.package_identification:_identify(src/airavat_slam) by extension 'ignore'
[0.195s] Level 1:colcon.colcon_core.package_identification:_identify(src/airavat_slam) by extension 'ignore_ament_install'
[0.195s] Level 1:colcon.colcon_core.package_identification:_identify(src/airavat_slam) by extensions ['colcon_pkg']
[0.195s] Level 1:colcon.colcon_core.package_identification:_identify(src/airavat_slam) by extension 'colcon_pkg'
[0.195s] Level 1:colcon.colcon_core.package_identification:_identify(src/airavat_slam) by extensions ['colcon_meta']
[0.195s] Level 1:colcon.colcon_core.package_identification:_identify(src/airavat_slam) by extension 'colcon_meta'
[0.195s] Level 1:colcon.colcon_core.package_identification:_identify(src/airavat_slam) by extensions ['ros']
[0.195s] Level 1:colcon.colcon_core.package_identification:_identify(src/airavat_slam) by extension 'ros'
[0.195s] DEBUG:colcon.colcon_core.package_identification:Package 'src/airavat_slam' with type 'ros.ament_cmake' and name 'airavat_slam'
[0.195s] Level 1:colcon.colcon_core.package_discovery:discover_packages(recursive) using defaults
[0.196s] Level 1:colcon.colcon_core.package_discovery:discover_packages(ignore) discover
[0.196s] Level 1:colcon.colcon_core.package_discovery:discover_packages(ignore) using defaults
[0.196s] Level 1:colcon.colcon_core.package_discovery:discover_packages(path) discover
[0.196s] Level 1:colcon.colcon_core.package_discovery:discover_packages(path) using defaults
[0.223s] Level 1:colcon.colcon_core.package_discovery:discover_packages(prefix_path) check parameters
[0.223s] Level 1:colcon.colcon_core.package_discovery:discover_packages(prefix_path) discover
[0.226s] DEBUG:colcon.colcon_installed_package_information.package_discovery:Found 423 installed packages in /opt/ros/humble
[0.229s] Level 1:colcon.colcon_core.package_discovery:discover_packages(prefix_path) using defaults
[0.273s] Level 5:colcon.colcon_core.verb:set package 'airavat_bringup' build argument 'cmake_args' from command line to 'None'
[0.274s] Level 5:colcon.colcon_core.verb:set package 'airavat_bringup' build argument 'cmake_target' from command line to 'None'
[0.274s] Level 5:colcon.colcon_core.verb:set package 'airavat_bringup' build argument 'cmake_target_skip_unavailable' from command line to 'False'
[0.274s] Level 5:colcon.colcon_core.verb:set package 'airavat_bringup' build argument 'cmake_clean_cache' from command line to 'False'
[0.274s] Level 5:colcon.colcon_core.verb:set package 'airavat_bringup' build argument 'cmake_clean_first' from command line to 'False'
[0.274s] Level 5:colcon.colcon_core.verb:set package 'airavat_bringup' build argument 'cmake_force_configure' from command line to 'False'
[0.274s] Level 5:colcon.colcon_core.verb:set package 'airavat_bringup' build argument 'ament_cmake_args' from command line to 'None'
[0.274s] Level 5:colcon.colcon_core.verb:set package 'airavat_bringup' build argument 'catkin_cmake_args' from command line to 'None'
[0.274s] Level 5:colcon.colcon_core.verb:set package 'airavat_bringup' build argument 'catkin_skip_building_tests' from command line to 'False'
[0.274s] DEBUG:colcon.colcon_core.verb:Building package 'airavat_bringup' with the following arguments: {'ament_cmake_args': None, 'build_base': '/home/harsh/airavat_1.0_ros2_simulation/build/airavat_bringup', 'catkin_cmake_args': None, 'catkin_skip_building_tests': False, 'cmake_args': None, 'cmake_clean_cache': False, 'cmake_clean_first': False, 'cmake_force_configure': False, 'cmake_target': None, 'cmake_target_skip_unavailable': False, 'install_base': '/home/harsh/airavat_1.0_ros2_simulation/install/airavat_bringup', 'merge_install': False, 'path': '/home/harsh/airavat_1.0_ros2_simulation/src/airavat_bringup', 'symlink_install': False, 'test_result_base': None}
[0.274s] Level 5:colcon.colcon_core.verb:set package 'airavat_description' build argument 'cmake_args' from command line to 'None'
[0.274s] Level 5:colcon.colcon_core.verb:set package 'airavat_description' build argument 'cmake_target' from command line to 'None'
[0.274s] Level 5:colcon.colcon_core.verb:set package 'airavat_description' build argument 'cmake_target_skip_unavailable' from command line to 'False'
[0.274s] Level 5:colcon.colcon_core.verb:set package 'airavat_description' build argument 'cmake_clean_cache' from command line to 'False'
[0.274s] Level 5:colcon.colcon_core.verb:set package 'airavat_description' build argument 'cmake_clean_first' from command line to 'False'
[0.274s] Level 5:colcon.colcon_core.verb:set package 'airavat_description' build argument 'cmake_force_configure' from command line to 'False'
[0.274s] Level 5:colcon.colcon_core.verb:set package 'airavat_description' build argument 'ament_cmake_args' from command line to 'None'
[0.274s] Level 5:colcon.colcon_core.verb:set package 'airavat_description' build argument 'catkin_cmake_args' from command line to 'None'
[0.274s] Level 5:colcon.colcon_core.verb:set package 'airavat_description' build argument 'catkin_skip_building_tests' from command line to 'False'
[0.274s] DEBUG:colcon.colcon_core.verb:Building package 'airavat_description' with the following arguments: {'ament_cmake_args': None, 'build_base': '/home/harsh/airavat_1.0_ros2_simulation/build/airavat_description', 'catkin_cmake_args': None, 'catkin_skip_building_tests': False, 'cmake_args': None, 'cmake_clean_cache': False, 'cmake_clean_first': False, 'cmake_force_configure': False, 'cmake_target': None, 'cmake_target_skip_unavailable': False, 'install_base': '/home/harsh/airavat_1.0_ros2_simulation/install/airavat_description', 'merge_install': False, 'path': '/home/harsh/airavat_1.0_ros2_simulation/src/airavat_description', 'symlink_install': False, 'test_result_base': None}
[0.274s] Level 5:colcon.colcon_core.verb:set package 'airavat_ekf' build argument 'cmake_args' from command line to 'None'
[0.274s] Level 5:colcon.colcon_core.verb:set package 'airavat_ekf' build argument 'cmake_target' from command line to 'None'
[0.274s] Level 5:colcon.colcon_core.verb:set package 'airavat_ekf' build argument 'cmake_target_skip_unavailable' from command line to 'False'
[0.274s] Level 5:colcon.colcon_core.verb:set package 'airavat_ekf' build argument 'cmake_clean_cache' from command line to 'False'
[0.275s] Level 5:colcon.colcon_core.verb:set package 'airavat_ekf' build argument 'cmake_clean_first' from command line to 'False'
[0.275s] Level 5:colcon.colcon_core.verb:set package 'airavat_ekf' build argument 'cmake_force_configure' from command line to 'False'
[0.275s] Level 5:colcon.colcon_core.verb:set package 'airavat_ekf' build argument 'ament_cmake_args' from command line to 'None'
[0.275s] Level 5:colcon.colcon_core.verb:set package 'airavat_ekf' build argument 'catkin_cmake_args' from command line to 'None'
[0.275s] Level 5:colcon.colcon_core.verb:set package 'airavat_ekf' build argument 'catkin_skip_building_tests' from command line to 'False'
[0.275s] DEBUG:colcon.colcon_core.verb:Building package 'airavat_ekf' with the following arguments: {'ament_cmake_args': None, 'build_base': '/home/harsh/airavat_1.0_ros2_simulation/build/airavat_ekf', 'catkin_cmake_args': None, 'catkin_skip_building_tests': False, 'cmake_args': None, 'cmake_clean_cache': False, 'cmake_clean_first': False, 'cmake_force_configure': False, 'cmake_target': None, 'cmake_target_skip_unavailable': False, 'install_base': '/home/harsh/airavat_1.0_ros2_simulation/install/airavat_ekf', 'merge_install': False, 'path': '/home/harsh/airavat_1.0_ros2_simulation/src/airavat_ekf', 'symlink_install': False, 'test_result_base': None}
[0.275s] Level 5:colcon.colcon_core.verb:set package 'airavat_nav2' build argument 'cmake_args' from command line to 'None'
[0.275s] Level 5:colcon.colcon_core.verb:set package 'airavat_nav2' build argument 'cmake_target' from command line to 'None'
[0.275s] Level 5:colcon.colcon_core.verb:set package 'airavat_nav2' build argument 'cmake_target_skip_unavailable' from command line to 'False'
[0.275s] Level 5:colcon.colcon_core.verb:set package 'airavat_nav2' build argument 'cmake_clean_cache' from command line to 'False'
[0.275s] Level 5:colcon.colcon_core.verb:set package 'airavat_nav2' build argument 'cmake_clean_first' from command line to 'False'
[0.275s] Level 5:colcon.colcon_core.verb:set package 'airavat_nav2' build argument 'cmake_force_configure' from command line to 'False'
[0.275s] Level 5:colcon.colcon_core.verb:set package 'airavat_nav2' build argument 'ament_cmake_args' from command line to 'None'
[0.275s] Level 5:colcon.colcon_core.verb:set package 'airavat_nav2' build argument 'catkin_cmake_args' from command line to 'None'
[0.275s] Level 5:colcon.colcon_core.verb:set package 'airavat_nav2' build argument 'catkin_skip_building_tests' from command line to 'False'
[0.275s] DEBUG:colcon.colcon_core.verb:Building package 'airavat_nav2' with the following arguments: {'ament_cmake_args': None, 'build_base': '/home/harsh/airavat_1.0_ros2_simulation/build/airavat_nav2', 'catkin_cmake_args': None, 'catkin_skip_building_tests': False, 'cmake_args': None, 'cmake_clean_cache': False, 'cmake_clean_first': False, 'cmake_force_configure': False, 'cmake_target': None, 'cmake_target_skip_unavailable': False, 'install_base': '/home/harsh/airavat_1.0_ros2_simulation/install/airavat_nav2', 'merge_install': False, 'path': '/home/harsh/airavat_1.0_ros2_simulation/src/airavat_nav2', 'symlink_install': False, 'test_result_base': None}
[0.275s] Level 5:colcon.colcon_core.verb:set package 'airavat_slam' build argument 'cmake_args' from command line to 'None'
[0.275s] Level 5:colcon.colcon_core.verb:set package 'airavat_slam' build argument 'cmake_target' from command line to 'None'
[0.275s] Level 5:colcon.colcon_core.verb:set package 'airavat_slam' build argument 'cmake_target_skip_unavailable' from command line to 'False'
[0.275s] Level 5:colcon.colcon_core.verb:set package 'airavat_slam' build argument 'cmake_clean_cache' from command line to 'False'
[0.275s] Level 5:colcon.colcon_core.verb:set package 'airavat_slam' build argument 'cmake_clean_first' from command line to 'False'
[0.275s] Level 5:colcon.colcon_core.verb:set package 'airavat_slam' build argument 'cmake_force_configure' from command line to 'False'
[0.275s] Level 5:colcon.colcon_core.verb:set package 'airavat_slam' build argument 'ament_cmake_args' from command line to 'None'
[0.275s] Level 5:colcon.colcon_core.verb:set package 'airavat_slam' build argument 'catkin_cmake_args' from command line to 'None'
[0.275s] Level 5:colcon.colcon_core.verb:set package 'airavat_slam' build argument 'catkin_skip_building_tests' from command line to 'False'
[0.275s] DEBUG:colcon.colcon_core.verb:Building package 'airavat_slam' with the following arguments: {'ament_cmake_args': None, 'build_base': '/home/harsh/airavat_1.0_ros2_simulation/build/airavat_slam', 'catkin_cmake_args': None, 'catkin_skip_building_tests': False, 'cmake_args': None, 'cmake_clean_cache': False, 'cmake_clean_first': False, 'cmake_force_configure': False, 'cmake_target': None, 'cmake_target_skip_unavailable': False, 'install_base': '/home/harsh/airavat_1.0_ros2_simulation/install/airavat_slam', 'merge_install': False, 'path': '/home/harsh/airavat_1.0_ros2_simulation/src/airavat_slam', 'symlink_install': False, 'test_result_base': None}
[0.276s] INFO:colcon.colcon_core.executor:Executing jobs using 'parallel' executor
[0.277s] DEBUG:colcon.colcon_parallel_executor.executor.parallel:run_until_complete
[0.277s] INFO:colcon.colcon_ros.task.ament_cmake.build:Building ROS package in '/home/harsh/airavat_1.0_ros2_simulation/src/airavat_bringup' with build type 'ament_cmake'
[0.277s] INFO:colcon.colcon_cmake.task.cmake.build:Building CMake package in '/home/harsh/airavat_1.0_ros2_simulation/src/airavat_bringup'
[0.281s] INFO:colcon.colcon_core.plugin_system:Skipping extension 'colcon_core.shell.bat': Not used on non-Windows systems
[0.281s] INFO:colcon.colcon_core.shell:Skip shell extension 'powershell' for command environment: Not usable outside of PowerShell
[0.281s] DEBUG:colcon.colcon_core.shell:Skip shell extension 'dsv' for command environment
[0.285s] INFO:colcon.colcon_ros.task.ament_cmake.build:Building ROS package in '/home/harsh/airavat_1.0_ros2_simulation/src/airavat_description' with build type 'ament_cmake'
[0.285s] INFO:colcon.colcon_cmake.task.cmake.build:Building CMake package in '/home/harsh/airavat_1.0_ros2_simulation/src/airavat_description'
[0.285s] INFO:colcon.colcon_core.shell:Skip shell extension 'powershell' for command environment: Not usable outside of PowerShell
[0.285s] DEBUG:colcon.colcon_core.shell:Skip shell extension 'dsv' for command environment
[0.288s] INFO:colcon.colcon_ros.task.ament_cmake.build:Building ROS package in '/home/harsh/airavat_1.0_ros2_simulation/src/airavat_ekf' with build type 'ament_cmake'
[0.288s] INFO:colcon.colcon_cmake.task.cmake.build:Building CMake package in '/home/harsh/airavat_1.0_ros2_simulation/src/airavat_ekf'
[0.289s] INFO:colcon.colcon_core.shell:Skip shell extension 'powershell' for command environment: Not usable outside of PowerShell
[0.289s] DEBUG:colcon.colcon_core.shell:Skip shell extension 'dsv' for command environment
[0.292s] INFO:colcon.colcon_ros.task.ament_cmake.build:Building ROS package in '/home/harsh/airavat_1.0_ros2_simulation/src/airavat_nav2' with build type 'ament_cmake'
[0.292s] INFO:colcon.colcon_cmake.task.cmake.build:Building CMake package in '/home/harsh/airavat_1.0_ros2_simulation/src/airavat_nav2'
[0.292s] INFO:colcon.colcon_core.shell:Skip shell extension 'powershell' for command environment: Not usable outside of PowerShell
[0.293s] DEBUG:colcon.colcon_core.shell:Skip shell extension 'dsv' for command environment
[0.295s] INFO:colcon.colcon_ros.task.ament_cmake.build:Building ROS package in '/home/harsh/airavat_1.0_ros2_simulation/src/airavat_slam' with build type 'ament_cmake'
[0.296s] INFO:colcon.colcon_cmake.task.cmake.build:Building CMake package in '/home/harsh/airavat_1.0_ros2_simulation/src/airavat_slam'
[0.296s] INFO:colcon.colcon_core.shell:Skip shell extension 'powershell' for command environment: Not usable outside of PowerShell
[0.296s] DEBUG:colcon.colcon_core.shell:Skip shell extension 'dsv' for command environment
[0.302s] DEBUG:colcon.colcon_core.event_handler.log_command:Invoking command in '/home/harsh/airavat_1.0_ros2_simulation/build/airavat_bringup': CMAKE_PREFIX_PATH=/opt/ros/humble /usr/bin/cmake /home/harsh/airavat_1.0_ros2_simulation/src/airavat_bringup -DCMAKE_INSTALL_PREFIX=/home/harsh/airavat_1.0_ros2_simulation/install/airavat_bringup
[0.306s] DEBUG:colcon.colcon_core.event_handler.log_command:Invoking command in '/home/harsh/airavat_1.0_ros2_simulation/build/airavat_description': CMAKE_PREFIX_PATH=/opt/ros/humble /usr/bin/cmake /home/harsh/airavat_1.0_ros2_simulation/src/airavat_description -DCMAKE_INSTALL_PREFIX=/home/harsh/airavat_1.0_ros2_simulation/install/airavat_description
[0.309s] DEBUG:colcon.colcon_core.event_handler.log_command:Invoking command in '/home/harsh/airavat_1.0_ros2_simulation/build/airavat_ekf': CMAKE_PREFIX_PATH=/opt/ros/humble /usr/bin/cmake /home/harsh/airavat_1.0_ros2_simulation/src/airavat_ekf -DCMAKE_INSTALL_PREFIX=/home/harsh/airavat_1.0_ros2_simulation/install/airavat_ekf
[0.311s] DEBUG:colcon.colcon_core.event_handler.log_command:Invoking command in '/home/harsh/airavat_1.0_ros2_simulation/build/airavat_nav2': CMAKE_PREFIX_PATH=/opt/ros/humble /usr/bin/cmake /home/harsh/airavat_1.0_ros2_simulation/src/airavat_nav2 -DCMAKE_INSTALL_PREFIX=/home/harsh/airavat_1.0_ros2_simulation/install/airavat_nav2
[0.316s] DEBUG:colcon.colcon_core.event_handler.log_command:Invoking command in '/home/harsh/airavat_1.0_ros2_simulation/build/airavat_slam': CMAKE_PREFIX_PATH=/opt/ros/humble /usr/bin/cmake /home/harsh/airavat_1.0_ros2_simulation/src/airavat_slam -DCMAKE_INSTALL_PREFIX=/home/harsh/airavat_1.0_ros2_simulation/install/airavat_slam
[1.421s] DEBUG:colcon.colcon_core.event_handler.log_command:Invoked command in '/home/harsh/airavat_1.0_ros2_simulation/build/airavat_ekf' returned '0': CMAKE_PREFIX_PATH=/opt/ros/humble /usr/bin/cmake /home/harsh/airavat_1.0_ros2_simulation/src/airavat_ekf -DCMAKE_INSTALL_PREFIX=/home/harsh/airavat_1.0_ros2_simulation/install/airavat_ekf
[1.423s] DEBUG:colcon.colcon_core.event_handler.log_command:Invoking command in '/home/harsh/airavat_1.0_ros2_simulation/build/airavat_ekf': CMAKE_PREFIX_PATH=/opt/ros/humble /usr/bin/cmake --build /home/harsh/airavat_1.0_ros2_simulation/build/airavat_ekf -- -j24 -l24
[1.424s] DEBUG:colcon.colcon_core.event_handler.log_command:Invoked command in '/home/harsh/airavat_1.0_ros2_simulation/build/airavat_bringup' returned '0': CMAKE_PREFIX_PATH=/opt/ros/humble /usr/bin/cmake /home/harsh/airavat_1.0_ros2_simulation/src/airavat_bringup -DCMAKE_INSTALL_PREFIX=/home/harsh/airavat_1.0_ros2_simulation/install/airavat_bringup
[1.426s] DEBUG:colcon.colcon_core.event_handler.log_command:Invoking command in '/home/harsh/airavat_1.0_ros2_simulation/build/airavat_bringup': CMAKE_PREFIX_PATH=/opt/ros/humble /usr/bin/cmake --build /home/harsh/airavat_1.0_ros2_simulation/build/airavat_bringup -- -j24 -l24
[1.427s] DEBUG:colcon.colcon_core.event_handler.log_command:Invoked command in '/home/harsh/airavat_1.0_ros2_simulation/build/airavat_slam' returned '0': CMAKE_PREFIX_PATH=/opt/ros/humble /usr/bin/cmake /home/harsh/airavat_1.0_ros2_simulation/src/airavat_slam -DCMAKE_INSTALL_PREFIX=/home/harsh/airavat_1.0_ros2_simulation/install/airavat_slam
[1.428s] DEBUG:colcon.colcon_core.event_handler.log_command:Invoking command in '/home/harsh/airavat_1.0_ros2_simulation/build/airavat_slam': CMAKE_PREFIX_PATH=/opt/ros/humble /usr/bin/cmake --build /home/harsh/airavat_1.0_ros2_simulation/build/airavat_slam -- -j24 -l24
[1.442s] DEBUG:colcon.colcon_core.event_handler.log_command:Invoked command in '/home/harsh/airavat_1.0_ros2_simulation/build/airavat_nav2' returned '0': CMAKE_PREFIX_PATH=/opt/ros/humble /usr/bin/cmake /home/harsh/airavat_1.0_ros2_simulation/src/airavat_nav2 -DCMAKE_INSTALL_PREFIX=/home/harsh/airavat_1.0_ros2_simulation/install/airavat_nav2
[1.443s] DEBUG:colcon.colcon_core.event_handler.log_command:Invoking command in '/home/harsh/airavat_1.0_ros2_simulation/build/airavat_nav2': CMAKE_PREFIX_PATH=/opt/ros/humble /usr/bin/cmake --build /home/harsh/airavat_1.0_ros2_simulation/build/airavat_nav2 -- -j24 -l24
[1.446s] DEBUG:colcon.colcon_core.event_handler.log_command:Invoked command in '/home/harsh/airavat_1.0_ros2_simulation/build/airavat_description' returned '0': CMAKE_PREFIX_PATH=/opt/ros/humble /usr/bin/cmake /home/harsh/airavat_1.0_ros2_simulation/src/airavat_description -DCMAKE_INSTALL_PREFIX=/home/harsh/airavat_1.0_ros2_simulation/install/airavat_description
[1.447s] DEBUG:colcon.colcon_core.event_handler.log_command:Invoking command in '/home/harsh/airavat_1.0_ros2_simulation/build/airavat_description': CMAKE_PREFIX_PATH=/opt/ros/humble /usr/bin/cmake --build /home/harsh/airavat_1.0_ros2_simulation/build/airavat_description -- -j24 -l24
[1.473s] DEBUG:colcon.colcon_core.event_handler.log_command:Invoked command in '/home/harsh/airavat_1.0_ros2_simulation/build/airavat_ekf' returned '0': CMAKE_PREFIX_PATH=/opt/ros/humble /usr/bin/cmake --build /home/harsh/airavat_1.0_ros2_simulation/build/airavat_ekf -- -j24 -l24
[1.489s] DEBUG:colcon.colcon_core.event_handler.log_command:Invoking command in '/home/harsh/airavat_1.0_ros2_simulation/build/airavat_ekf': CMAKE_PREFIX_PATH=/opt/ros/humble /usr/bin/cmake --install /home/harsh/airavat_1.0_ros2_simulation/build/airavat_ekf
[1.492s] DEBUG:colcon.colcon_core.event_handler.log_command:Invoked command in '/home/harsh/airavat_1.0_ros2_simulation/build/airavat_slam' returned '0': CMAKE_PREFIX_PATH=/opt/ros/humble /usr/bin/cmake --build /home/harsh/airavat_1.0_ros2_simulation/build/airavat_slam -- -j24 -l24
[1.494s] DEBUG:colcon.colcon_core.event_handler.log_command:Invoking command in '/home/harsh/airavat_1.0_ros2_simulation/build/airavat_slam': CMAKE_PREFIX_PATH=/opt/ros/humble /usr/bin/cmake --install /home/harsh/airavat_1.0_ros2_simulation/build/airavat_slam
[1.495s] DEBUG:colcon.colcon_core.event_handler.log_command:Invoked command in '/home/harsh/airavat_1.0_ros2_simulation/build/airavat_bringup' returned '0': CMAKE_PREFIX_PATH=/opt/ros/humble /usr/bin/cmake --build /home/harsh/airavat_1.0_ros2_simulation/build/airavat_bringup -- -j24 -l24
[1.497s] DEBUG:colcon.colcon_core.event_handler.log_command:Invoking command in '/home/harsh/airavat_1.0_ros2_simulation/build/airavat_bringup': CMAKE_PREFIX_PATH=/opt/ros/humble /usr/bin/cmake --install /home/harsh/airavat_1.0_ros2_simulation/build/airavat_bringup
[1.506s] DEBUG:colcon.colcon_core.event_handler.log_command:Invoked command in '/home/harsh/airavat_1.0_ros2_simulation/build/airavat_nav2' returned '0': CMAKE_PREFIX_PATH=/opt/ros/humble /usr/bin/cmake --build /home/harsh/airavat_1.0_ros2_simulation/build/airavat_nav2 -- -j24 -l24
[1.511s] DEBUG:colcon.colcon_core.event_handler.log_command:Invoking command in '/home/harsh/airavat_1.0_ros2_simulation/build/airavat_nav2': CMAKE_PREFIX_PATH=/opt/ros/humble /usr/bin/cmake --install /home/harsh/airavat_1.0_ros2_simulation/build/airavat_nav2
[1.512s] DEBUG:colcon.colcon_core.event_handler.log_command:Invoked command in '/home/harsh/airavat_1.0_ros2_simulation/build/airavat_description' returned '0': CMAKE_PREFIX_PATH=/opt/ros/humble /usr/bin/cmake --build /home/harsh/airavat_1.0_ros2_simulation/build/airavat_description -- -j24 -l24
[1.514s] DEBUG:colcon.colcon_core.event_handler.log_command:Invoking command in '/home/harsh/airavat_1.0_ros2_simulation/build/airavat_description': CMAKE_PREFIX_PATH=/opt/ros/humble /usr/bin/cmake --install /home/harsh/airavat_1.0_ros2_simulation/build/airavat_description
[1.515s] Level 1:colcon.colcon_core.environment:create_environment_scripts_only(airavat_ekf)
[1.516s] DEBUG:colcon.colcon_core.event_handler.log_command:Invoked command in '/home/harsh/airavat_1.0_ros2_simulation/build/airavat_ekf' returned '0': CMAKE_PREFIX_PATH=/opt/ros/humble /usr/bin/cmake --install /home/harsh/airavat_1.0_ros2_simulation/build/airavat_ekf
[1.521s] Level 1:colcon.colcon_core.environment:checking '/home/harsh/airavat_1.0_ros2_simulation/install/airavat_ekf' for CMake module files
[1.522s] Level 1:colcon.colcon_core.environment:checking '/home/harsh/airavat_1.0_ros2_simulation/install/airavat_ekf' for CMake config files
[1.522s] Level 1:colcon.colcon_core.shell:create_environment_hook('airavat_ekf', 'cmake_prefix_path')
[1.522s] INFO:colcon.colcon_core.shell:Creating environment hook '/home/harsh/airavat_1.0_ros2_simulation/install/airavat_ekf/share/airavat_ekf/hook/cmake_prefix_path.ps1'
[1.525s] INFO:colcon.colcon_core.shell:Creating environment descriptor '/home/harsh/airavat_1.0_ros2_simulation/install/airavat_ekf/share/airavat_ekf/hook/cmake_prefix_path.dsv'
[1.529s] INFO:colcon.colcon_core.shell:Creating environment hook '/home/harsh/airavat_1.0_ros2_simulation/install/airavat_ekf/share/airavat_ekf/hook/cmake_prefix_path.sh'
[1.532s] Level 1:colcon.colcon_core.environment:checking '/home/harsh/airavat_1.0_ros2_simulation/install/airavat_ekf/bin'
[1.532s] Level 1:colcon.colcon_core.environment:checking '/home/harsh/airavat_1.0_ros2_simulation/install/airavat_ekf/lib/pkgconfig/airavat_ekf.pc'
[1.532s] Level 1:colcon.colcon_core.environment:checking '/home/harsh/airavat_1.0_ros2_simulation/install/airavat_ekf/lib/python3.10/site-packages'
[1.533s] Level 1:colcon.colcon_core.environment:checking '/home/harsh/airavat_1.0_ros2_simulation/install/airavat_ekf/bin'
[1.533s] INFO:colcon.colcon_core.shell:Creating package script '/home/harsh/airavat_1.0_ros2_simulation/install/airavat_ekf/share/airavat_ekf/package.ps1'
[1.535s] INFO:colcon.colcon_core.shell:Creating package descriptor '/home/harsh/airavat_1.0_ros2_simulation/install/airavat_ekf/share/airavat_ekf/package.dsv'
[1.535s] INFO:colcon.colcon_core.shell:Creating package script '/home/harsh/airavat_1.0_ros2_simulation/install/airavat_ekf/share/airavat_ekf/package.sh'
[1.536s] INFO:colcon.colcon_core.shell:Creating package script '/home/harsh/airavat_1.0_ros2_simulation/install/airavat_ekf/share/airavat_ekf/package.bash'
[1.537s] INFO:colcon.colcon_core.shell:Creating package script '/home/harsh/airavat_1.0_ros2_simulation/install/airavat_ekf/share/airavat_ekf/package.zsh'
[1.538s] Level 1:colcon.colcon_core.environment:create_file_with_runtime_dependencies(/home/harsh/airavat_1.0_ros2_simulation/install/airavat_ekf/share/colcon-core/packages/airavat_ekf)
[1.539s] Level 1:colcon.colcon_core.environment:create_environment_scripts_only(airavat_ekf)
[1.540s] Level 1:colcon.colcon_core.environment:checking '/home/harsh/airavat_1.0_ros2_simulation/install/airavat_ekf' for CMake module files
[1.540s] Level 1:colcon.colcon_core.environment:checking '/home/harsh/airavat_1.0_ros2_simulation/install/airavat_ekf' for CMake config files
[1.540s] Level 1:colcon.colcon_core.shell:create_environment_hook('airavat_ekf', 'cmake_prefix_path')
[1.540s] INFO:colcon.colcon_core.shell:Creating environment hook '/home/harsh/airavat_1.0_ros2_simulation/install/airavat_ekf/share/airavat_ekf/hook/cmake_prefix_path.ps1'
[1.541s] INFO:colcon.colcon_core.shell:Creating environment descriptor '/home/harsh/airavat_1.0_ros2_simulation/install/airavat_ekf/share/airavat_ekf/hook/cmake_prefix_path.dsv'
[1.541s] INFO:colcon.colcon_core.shell:Creating environment hook '/home/harsh/airavat_1.0_ros2_simulation/install/airavat_ekf/share/airavat_ekf/hook/cmake_prefix_path.sh'
[1.542s] Level 1:colcon.colcon_core.environment:checking '/home/harsh/airavat_1.0_ros2_simulation/install/airavat_ekf/bin'
[1.542s] Level 1:colcon.colcon_core.environment:checking '/home/harsh/airavat_1.0_ros2_simulation/install/airavat_ekf/lib/pkgconfig/airavat_ekf.pc'
[1.542s] Level 1:colcon.colcon_core.environment:checking '/home/harsh/airavat_1.0_ros2_simulation/install/airavat_ekf/lib/python3.10/site-packages'
[1.543s] Level 1:colcon.colcon_core.environment:checking '/home/harsh/airavat_1.0_ros2_simulation/install/airavat_ekf/bin'
[1.543s] INFO:colcon.colcon_core.shell:Creating package script '/home/harsh/airavat_1.0_ros2_simulation/install/airavat_ekf/share/airavat_ekf/package.ps1'
[1.544s] INFO:colcon.colcon_core.shell:Creating package descriptor '/home/harsh/airavat_1.0_ros2_simulation/install/airavat_ekf/share/airavat_ekf/package.dsv'
[1.544s] INFO:colcon.colcon_core.shell:Creating package script '/home/harsh/airavat_1.0_ros2_simulation/install/airavat_ekf/share/airavat_ekf/package.sh'
[1.545s] INFO:colcon.colcon_core.shell:Creating package script '/home/harsh/airavat_1.0_ros2_simulation/install/airavat_ekf/share/airavat_ekf/package.bash'
[1.545s] INFO:colcon.colcon_core.shell:Creating package script '/home/harsh/airavat_1.0_ros2_simulation/install/airavat_ekf/share/airavat_ekf/package.zsh'
[1.546s] Level 1:colcon.colcon_core.environment:create_file_with_runtime_dependencies(/home/harsh/airavat_1.0_ros2_simulation/install/airavat_ekf/share/colcon-core/packages/airavat_ekf)
[1.546s] Level 1:colcon.colcon_core.environment:create_environment_scripts_only(airavat_slam)
[1.547s] Level 1:colcon.colcon_core.environment:checking '/home/harsh/airavat_1.0_ros2_simulation/install/airavat_slam' for CMake module files
[1.547s] Level 1:colcon.colcon_core.environment:checking '/home/harsh/airavat_1.0_ros2_simulation/install/airavat_slam' for CMake config files
[1.548s] DEBUG:colcon.colcon_core.event_handler.log_command:Invoked command in '/home/harsh/airavat_1.0_ros2_simulation/build/airavat_slam' returned '0': CMAKE_PREFIX_PATH=/opt/ros/humble /usr/bin/cmake --install /home/harsh/airavat_1.0_ros2_simulation/build/airavat_slam
[1.548s] Level 1:colcon.colcon_core.shell:create_environment_hook('airavat_slam', 'cmake_prefix_path')
[1.548s] INFO:colcon.colcon_core.shell:Creating environment hook '/home/harsh/airavat_1.0_ros2_simulation/install/airavat_slam/share/airavat_slam/hook/cmake_prefix_path.ps1'
[1.549s] INFO:colcon.colcon_core.shell:Creating environment descriptor '/home/harsh/airavat_1.0_ros2_simulation/install/airavat_slam/share/airavat_slam/hook/cmake_prefix_path.dsv'
[1.549s] INFO:colcon.colcon_core.shell:Creating environment hook '/home/harsh/airavat_1.0_ros2_simulation/install/airavat_slam/share/airavat_slam/hook/cmake_prefix_path.sh'
[1.550s] Level 1:colcon.colcon_core.environment:checking '/home/harsh/airavat_1.0_ros2_simulation/install/airavat_slam/bin'
[1.550s] Level 1:colcon.colcon_core.environment:checking '/home/harsh/airavat_1.0_ros2_simulation/install/airavat_slam/lib/pkgconfig/airavat_slam.pc'
[1.550s] Level 1:colcon.colcon_core.environment:checking '/home/harsh/airavat_1.0_ros2_simulation/install/airavat_slam/lib/python3.10/site-packages'
[1.550s] Level 1:colcon.colcon_core.environment:checking '/home/harsh/airavat_1.0_ros2_simulation/install/airavat_slam/bin'
[1.551s] INFO:colcon.colcon_core.shell:Creating package script '/home/harsh/airavat_1.0_ros2_simulation/install/airavat_slam/share/airavat_slam/package.ps1'
[1.552s] INFO:colcon.colcon_core.shell:Creating package descriptor '/home/harsh/airavat_1.0_ros2_simulation/install/airavat_slam/share/airavat_slam/package.dsv'
[1.552s] INFO:colcon.colcon_core.shell:Creating package script '/home/harsh/airavat_1.0_ros2_simulation/install/airavat_slam/share/airavat_slam/package.sh'
[1.553s] INFO:colcon.colcon_core.shell:Creating package script '/home/harsh/airavat_1.0_ros2_simulation/install/airavat_slam/share/airavat_slam/package.bash'
[1.553s] INFO:colcon.colcon_core.shell:Creating package script '/home/harsh/airavat_1.0_ros2_simulation/install/airavat_slam/share/airavat_slam/package.zsh'
[1.553s] Level 1:colcon.colcon_core.environment:create_file_with_runtime_dependencies(/home/harsh/airavat_1.0_ros2_simulation/install/airavat_slam/share/colcon-core/packages/airavat_slam)
[1.554s] Level 1:colcon.colcon_core.environment:create_environment_scripts_only(airavat_slam)
[1.555s] Level 1:colcon.colcon_core.environment:checking '/home/harsh/airavat_1.0_ros2_simulation/install/airavat_slam' for CMake module files
[1.555s] Level 1:colcon.colcon_core.environment:checking '/home/harsh/airavat_1.0_ros2_simulation/install/airavat_slam' for CMake config files
[1.555s] Level 1:colcon.colcon_core.shell:create_environment_hook('airavat_slam', 'cmake_prefix_path')
[1.556s] INFO:colcon.colcon_core.shell:Creating environment hook '/home/harsh/airavat_1.0_ros2_simulation/install/airavat_slam/share/airavat_slam/hook/cmake_prefix_path.ps1'
[1.556s] INFO:colcon.colcon_core.shell:Creating environment descriptor '/home/harsh/airavat_1.0_ros2_simulation/install/airavat_slam/share/airavat_slam/hook/cmake_prefix_path.dsv'
[1.556s] INFO:colcon.colcon_core.shell:Creating environment hook '/home/harsh/airavat_1.0_ros2_simulation/install/airavat_slam/share/airavat_slam/hook/cmake_prefix_path.sh'
[1.557s] Level 1:colcon.colcon_core.environment:checking '/home/harsh/airavat_1.0_ros2_simulation/install/airavat_slam/bin'
[1.557s] Level 1:colcon.colcon_core.environment:checking '/home/harsh/airavat_1.0_ros2_simulation/install/airavat_slam/lib/pkgconfig/airavat_slam.pc'
[1.557s] Level 1:colcon.colcon_core.environment:checking '/home/harsh/airavat_1.0_ros2_simulation/install/airavat_slam/lib/python3.10/site-packages'
[1.558s] Level 1:colcon.colcon_core.environment:checking '/home/harsh/airavat_1.0_ros2_simulation/install/airavat_slam/bin'
[1.558s] INFO:colcon.colcon_core.shell:Creating package script '/home/harsh/airavat_1.0_ros2_simulation/install/airavat_slam/share/airavat_slam/package.ps1'
[1.559s] INFO:colcon.colcon_core.shell:Creating package descriptor '/home/harsh/airavat_1.0_ros2_simulation/install/airavat_slam/share/airavat_slam/package.dsv'
[1.560s] INFO:colcon.colcon_core.shell:Creating package script '/home/harsh/airavat_1.0_ros2_simulation/install/airavat_slam/share/airavat_slam/package.sh'
[1.571s] INFO:colcon.colcon_core.shell:Creating package script '/home/harsh/airavat_1.0_ros2_simulation/install/airavat_slam/share/airavat_slam/package.bash'
[1.571s] INFO:colcon.colcon_core.shell:Creating package script '/home/harsh/airavat_1.0_ros2_simulation/install/airavat_slam/share/airavat_slam/package.zsh'
[1.572s] Level 1:colcon.colcon_core.environment:create_file_with_runtime_dependencies(/home/harsh/airavat_1.0_ros2_simulation/install/airavat_slam/share/colcon-core/packages/airavat_slam)
[1.572s] Level 1:colcon.colcon_core.environment:create_environment_scripts_only(airavat_bringup)
[1.572s] Level 1:colcon.colcon_core.environment:checking '/home/harsh/airavat_1.0_ros2_simulation/install/airavat_bringup' for CMake module files
[1.573s] Level 1:colcon.colcon_core.environment:checking '/home/harsh/airavat_1.0_ros2_simulation/install/airavat_bringup' for CMake config files
[1.573s] DEBUG:colcon.colcon_core.event_handler.log_command:Invoked command in '/home/harsh/airavat_1.0_ros2_simulation/build/airavat_bringup' returned '0': CMAKE_PREFIX_PATH=/opt/ros/humble /usr/bin/cmake --install /home/harsh/airavat_1.0_ros2_simulation/build/airavat_bringup
[1.573s] Level 1:colcon.colcon_core.shell:create_environment_hook('airavat_bringup', 'cmake_prefix_path')
[1.574s] INFO:colcon.colcon_core.shell:Creating environment hook '/home/harsh/airavat_1.0_ros2_simulation/install/airavat_bringup/share/airavat_bringup/hook/cmake_prefix_path.ps1'
[1.574s] INFO:colcon.colcon_core.shell:Creating environment descriptor '/home/harsh/airavat_1.0_ros2_simulation/install/airavat_bringup/share/airavat_bringup/hook/cmake_prefix_path.dsv'
[1.574s] INFO:colcon.colcon_core.shell:Creating environment hook '/home/harsh/airavat_1.0_ros2_simulation/install/airavat_bringup/share/airavat_bringup/hook/cmake_prefix_path.sh'
[1.575s] Level 1:colcon.colcon_core.environment:checking '/home/harsh/airavat_1.0_ros2_simulation/install/airavat_bringup/bin'
[1.575s] Level 1:colcon.colcon_core.environment:checking '/home/harsh/airavat_1.0_ros2_simulation/install/airavat_bringup/lib/pkgconfig/airavat_bringup.pc'
[1.576s] Level 1:colcon.colcon_core.environment:checking '/home/harsh/airavat_1.0_ros2_simulation/install/airavat_bringup/lib/python3.10/site-packages'
[1.576s] Level 1:colcon.colcon_core.environment:checking '/home/harsh/airavat_1.0_ros2_simulation/install/airavat_bringup/bin'
[1.577s] INFO:colcon.colcon_core.shell:Creating package script '/home/harsh/airavat_1.0_ros2_simulation/install/airavat_bringup/share/airavat_bringup/package.ps1'
[1.577s] INFO:colcon.colcon_core.shell:Creating package descriptor '/home/harsh/airavat_1.0_ros2_simulation/install/airavat_bringup/share/airavat_bringup/package.dsv'
[1.578s] INFO:colcon.colcon_core.shell:Creating package script '/home/harsh/airavat_1.0_ros2_simulation/install/airavat_bringup/share/airavat_bringup/package.sh'
[1.578s] INFO:colcon.colcon_core.shell:Creating package script '/home/harsh/airavat_1.0_ros2_simulation/install/airavat_bringup/share/airavat_bringup/package.bash'
[1.578s] INFO:colcon.colcon_core.shell:Creating package script '/home/harsh/airavat_1.0_ros2_simulation/install/airavat_bringup/share/airavat_bringup/package.zsh'
[1.579s] Level 1:colcon.colcon_core.environment:create_file_with_runtime_dependencies(/home/harsh/airavat_1.0_ros2_simulation/install/airavat_bringup/share/colcon-core/packages/airavat_bringup)
[1.579s] Level 1:colcon.colcon_core.environment:create_environment_scripts_only(airavat_bringup)
[1.580s] Level 1:colcon.colcon_core.environment:checking '/home/harsh/airavat_1.0_ros2_simulation/install/airavat_bringup' for CMake module files
[1.580s] Level 1:colcon.colcon_core.environment:checking '/home/harsh/airavat_1.0_ros2_simulation/install/airavat_bringup' for CMake config files
[1.581s] Level 1:colcon.colcon_core.shell:create_environment_hook('airavat_bringup', 'cmake_prefix_path')
[1.581s] INFO:colcon.colcon_core.shell:Creating environment hook '/home/harsh/airavat_1.0_ros2_simulation/install/airavat_bringup/share/airavat_bringup/hook/cmake_prefix_path.ps1'
[1.581s] INFO:colcon.colcon_core.shell:Creating environment descriptor '/home/harsh/airavat_1.0_ros2_simulation/install/airavat_bringup/share/airavat_bringup/hook/cmake_prefix_path.dsv'
[1.582s] INFO:colcon.colcon_core.shell:Creating environment hook '/home/harsh/airavat_1.0_ros2_simulation/install/airavat_bringup/share/airavat_bringup/hook/cmake_prefix_path.sh'
[1.582s] Level 1:colcon.colcon_core.environment:checking '/home/harsh/airavat_1.0_ros2_simulation/install/airavat_bringup/bin'
[1.582s] Level 1:colcon.colcon_core.environment:checking '/home/harsh/airavat_1.0_ros2_simulation/install/airavat_bringup/lib/pkgconfig/airavat_bringup.pc'
[1.583s] Level 1:colcon.colcon_core.environment:checking '/home/harsh/airavat_1.0_ros2_simulation/install/airavat_bringup/lib/python3.10/site-packages'
[1.583s] Level 1:colcon.colcon_core.environment:checking '/home/harsh/airavat_1.0_ros2_simulation/install/airavat_bringup/bin'
[1.583s] INFO:colcon.colcon_core.shell:Creating package script '/home/harsh/airavat_1.0_ros2_simulation/install/airavat_bringup/share/airavat_bringup/package.ps1'
[1.584s] INFO:colcon.colcon_core.shell:Creating package descriptor '/home/harsh/airavat_1.0_ros2_simulation/install/airavat_bringup/share/airavat_bringup/package.dsv'
[1.584s] INFO:colcon.colcon_core.shell:Creating package script '/home/harsh/airavat_1.0_ros2_simulation/install/airavat_bringup/share/airavat_bringup/package.sh'
[1.585s] INFO:colcon.colcon_core.shell:Creating package script '/home/harsh/airavat_1.0_ros2_simulation/install/airavat_bringup/share/airavat_bringup/package.bash'
[1.585s] INFO:colcon.colcon_core.shell:Creating package script '/home/harsh/airavat_1.0_ros2_simulation/install/airavat_bringup/share/airavat_bringup/package.zsh'
[1.585s] Level 1:colcon.colcon_core.environment:create_file_with_runtime_dependencies(/home/harsh/airavat_1.0_ros2_simulation/install/airavat_bringup/share/colcon-core/packages/airavat_bringup)
[1.587s] Level 1:colcon.colcon_core.environment:create_environment_scripts_only(airavat_nav2)
[1.587s] Level 1:colcon.colcon_core.environment:checking '/home/harsh/airavat_1.0_ros2_simulation/install/airavat_nav2' for CMake module files
[1.587s] DEBUG:colcon.colcon_core.event_handler.log_command:Invoked command in '/home/harsh/airavat_1.0_ros2_simulation/build/airavat_nav2' returned '0': CMAKE_PREFIX_PATH=/opt/ros/humble /usr/bin/cmake --install /home/harsh/airavat_1.0_ros2_simulation/build/airavat_nav2
[1.588s] Level 1:colcon.colcon_core.environment:checking '/home/harsh/airavat_1.0_ros2_simulation/install/airavat_nav2' for CMake config files
[1.588s] Level 1:colcon.colcon_core.shell:create_environment_hook('airavat_nav2', 'cmake_prefix_path')
[1.588s] INFO:colcon.colcon_core.shell:Creating environment hook '/home/harsh/airavat_1.0_ros2_simulation/install/airavat_nav2/share/airavat_nav2/hook/cmake_prefix_path.ps1'
[1.588s] INFO:colcon.colcon_core.shell:Creating environment descriptor '/home/harsh/airavat_1.0_ros2_simulation/install/airavat_nav2/share/airavat_nav2/hook/cmake_prefix_path.dsv'
[1.589s] INFO:colcon.colcon_core.shell:Creating environment hook '/home/harsh/airavat_1.0_ros2_simulation/install/airavat_nav2/share/airavat_nav2/hook/cmake_prefix_path.sh'
[1.589s] Level 1:colcon.colcon_core.environment:checking '/home/harsh/airavat_1.0_ros2_simulation/install/airavat_nav2/bin'
[1.589s] Level 1:colcon.colcon_core.environment:checking '/home/harsh/airavat_1.0_ros2_simulation/install/airavat_nav2/lib/pkgconfig/airavat_nav2.pc'
[1.589s] Level 1:colcon.colcon_core.environment:checking '/home/harsh/airavat_1.0_ros2_simulation/install/airavat_nav2/lib/python3.10/site-packages'
[1.590s] Level 1:colcon.colcon_core.environment:checking '/home/harsh/airavat_1.0_ros2_simulation/install/airavat_nav2/bin'
[1.590s] INFO:colcon.colcon_core.shell:Creating package script '/home/harsh/airavat_1.0_ros2_simulation/install/airavat_nav2/share/airavat_nav2/package.ps1'
[1.590s] INFO:colcon.colcon_core.shell:Creating package descriptor '/home/harsh/airavat_1.0_ros2_simulation/install/airavat_nav2/share/airavat_nav2/package.dsv'
[1.591s] INFO:colcon.colcon_core.shell:Creating package script '/home/harsh/airavat_1.0_ros2_simulation/install/airavat_nav2/share/airavat_nav2/package.sh'
[1.591s] INFO:colcon.colcon_core.shell:Creating package script '/home/harsh/airavat_1.0_ros2_simulation/install/airavat_nav2/share/airavat_nav2/package.bash'
[1.591s] INFO:colcon.colcon_core.shell:Creating package script '/home/harsh/airavat_1.0_ros2_simulation/install/airavat_nav2/share/airavat_nav2/package.zsh'
[1.591s] Level 1:colcon.colcon_core.environment:create_file_with_runtime_dependencies(/home/harsh/airavat_1.0_ros2_simulation/install/airavat_nav2/share/colcon-core/packages/airavat_nav2)
[1.592s] Level 1:colcon.colcon_core.environment:create_environment_scripts_only(airavat_nav2)
[1.592s] Level 1:colcon.colcon_core.environment:checking '/home/harsh/airavat_1.0_ros2_simulation/install/airavat_nav2' for CMake module files
[1.593s] Level 1:colcon.colcon_core.environment:checking '/home/harsh/airavat_1.0_ros2_simulation/install/airavat_nav2' for CMake config files
[1.593s] Level 1:colcon.colcon_core.shell:create_environment_hook('airavat_nav2', 'cmake_prefix_path')
[1.593s] INFO:colcon.colcon_core.shell:Creating environment hook '/home/harsh/airavat_1.0_ros2_simulation/install/airavat_nav2/share/airavat_nav2/hook/cmake_prefix_path.ps1'
[1.593s] INFO:colcon.colcon_core.shell:Creating environment descriptor '/home/harsh/airavat_1.0_ros2_simulation/install/airavat_nav2/share/airavat_nav2/hook/cmake_prefix_path.dsv'
[1.593s] INFO:colcon.colcon_core.shell:Creating environment hook '/home/harsh/airavat_1.0_ros2_simulation/install/airavat_nav2/share/airavat_nav2/hook/cmake_prefix_path.sh'
[1.594s] Level 1:colcon.colcon_core.environment:checking '/home/harsh/airavat_1.0_ros2_simulation/install/airavat_nav2/bin'
[1.594s] Level 1:colcon.colcon_core.environment:checking '/home/harsh/airavat_1.0_ros2_simulation/install/airavat_nav2/lib/pkgconfig/airavat_nav2.pc'
[1.594s] Level 1:colcon.colcon_core.environment:checking '/home/harsh/airavat_1.0_ros2_simulation/install/airavat_nav2/lib/python3.10/site-packages'
[1.595s] Level 1:colcon.colcon_core.environment:checking '/home/harsh/airavat_1.0_ros2_simulation/install/airavat_nav2/bin'
[1.595s] INFO:colcon.colcon_core.shell:Creating package script '/home/harsh/airavat_1.0_ros2_simulation/install/airavat_nav2/share/airavat_nav2/package.ps1'
[1.595s] INFO:colcon.colcon_core.shell:Creating package descriptor '/home/harsh/airavat_1.0_ros2_simulation/install/airavat_nav2/share/airavat_nav2/package.dsv'
[1.596s] INFO:colcon.colcon_core.shell:Creating package script '/home/harsh/airavat_1.0_ros2_simulation/install/airavat_nav2/share/airavat_nav2/package.sh'
[1.596s] INFO:colcon.colcon_core.shell:Creating package script '/home/harsh/airavat_1.0_ros2_simulation/install/airavat_nav2/share/airavat_nav2/package.bash'
[1.596s] INFO:colcon.colcon_core.shell:Creating package script '/home/harsh/airavat_1.0_ros2_simulation/install/airavat_nav2/share/airavat_nav2/package.zsh'
[1.597s] Level 1:colcon.colcon_core.environment:create_file_with_runtime_dependencies(/home/harsh/airavat_1.0_ros2_simulation/install/airavat_nav2/share/colcon-core/packages/airavat_nav2)
[1.597s] Level 1:colcon.colcon_core.environment:create_environment_scripts_only(airavat_description)
[1.597s] Level 1:colcon.colcon_core.environment:checking '/home/harsh/airavat_1.0_ros2_simulation/install/airavat_description' for CMake module files
[1.598s] DEBUG:colcon.colcon_core.event_handler.log_command:Invoked command in '/home/harsh/airavat_1.0_ros2_simulation/build/airavat_description' returned '0': CMAKE_PREFIX_PATH=/opt/ros/humble /usr/bin/cmake --install /home/harsh/airavat_1.0_ros2_simulation/build/airavat_description
[1.598s] Level 1:colcon.colcon_core.environment:checking '/home/harsh/airavat_1.0_ros2_simulation/install/airavat_description' for CMake config files
[1.598s] Level 1:colcon.colcon_core.shell:create_environment_hook('airavat_description', 'cmake_prefix_path')
[1.598s] INFO:colcon.colcon_core.shell:Creating environment hook '/home/harsh/airavat_1.0_ros2_simulation/install/airavat_description/share/airavat_description/hook/cmake_prefix_path.ps1'
[1.598s] INFO:colcon.colcon_core.shell:Creating environment descriptor '/home/harsh/airavat_1.0_ros2_simulation/install/airavat_description/share/airavat_description/hook/cmake_prefix_path.dsv'
[1.599s] INFO:colcon.colcon_core.shell:Creating environment hook '/home/harsh/airavat_1.0_ros2_simulation/install/airavat_description/share/airavat_description/hook/cmake_prefix_path.sh'
[1.599s] Level 1:colcon.colcon_core.environment:checking '/home/harsh/airavat_1.0_ros2_simulation/install/airavat_description/bin'
[1.599s] Level 1:colcon.colcon_core.environment:checking '/home/harsh/airavat_1.0_ros2_simulation/install/airavat_description/lib/pkgconfig/airavat_description.pc'
[1.599s] Level 1:colcon.colcon_core.environment:checking '/home/harsh/airavat_1.0_ros2_simulation/install/airavat_description/lib/python3.10/site-packages'
[1.600s] Level 1:colcon.colcon_core.environment:checking '/home/harsh/airavat_1.0_ros2_simulation/install/airavat_description/bin'
[1.600s] INFO:colcon.colcon_core.shell:Creating package script '/home/harsh/airavat_1.0_ros2_simulation/install/airavat_description/share/airavat_description/package.ps1'
[1.601s] INFO:colcon.colcon_core.shell:Creating package descriptor '/home/harsh/airavat_1.0_ros2_simulation/install/airavat_description/share/airavat_description/package.dsv'
[1.601s] INFO:colcon.colcon_core.shell:Creating package script '/home/harsh/airavat_1.0_ros2_simulation/install/airavat_description/share/airavat_description/package.sh'
[1.601s] INFO:colcon.colcon_core.shell:Creating package script '/home/harsh/airavat_1.0_ros2_simulation/install/airavat_description/share/airavat_description/package.bash'
[1.602s] INFO:colcon.colcon_core.shell:Creating package script '/home/harsh/airavat_1.0_ros2_simulation/install/airavat_description/share/airavat_description/package.zsh'
[1.602s] Level 1:colcon.colcon_core.environment:create_file_with_runtime_dependencies(/home/harsh/airavat_1.0_ros2_simulation/install/airavat_description/share/colcon-core/packages/airavat_description)
[1.602s] Level 1:colcon.colcon_core.environment:create_environment_scripts_only(airavat_description)
[1.602s] Level 1:colcon.colcon_core.environment:checking '/home/harsh/airavat_1.0_ros2_simulation/install/airavat_description' for CMake module files
[1.603s] Level 1:colcon.colcon_core.environment:checking '/home/harsh/airavat_1.0_ros2_simulation/install/airavat_description' for CMake config files
[1.603s] Level 1:colcon.colcon_core.shell:create_environment_hook('airavat_description', 'cmake_prefix_path')
[1.603s] INFO:colcon.colcon_core.shell:Creating environment hook '/home/harsh/airavat_1.0_ros2_simulation/install/airavat_description/share/airavat_description/hook/cmake_prefix_path.ps1'
[1.603s] INFO:colcon.colcon_core.shell:Creating environment descriptor '/home/harsh/airavat_1.0_ros2_simulation/install/airavat_description/share/airavat_description/hook/cmake_prefix_path.dsv'
[1.604s] INFO:colcon.colcon_core.shell:Creating environment hook '/home/harsh/airavat_1.0_ros2_simulation/install/airavat_description/share/airavat_description/hook/cmake_prefix_path.sh'
[1.604s] Level 1:colcon.colcon_core.environment:checking '/home/harsh/airavat_1.0_ros2_simulation/install/airavat_description/bin'
[1.604s] Level 1:colcon.colcon_core.environment:checking '/home/harsh/airavat_1.0_ros2_simulation/install/airavat_description/lib/pkgconfig/airavat_description.pc'
[1.604s] Level 1:colcon.colcon_core.environment:checking '/home/harsh/airavat_1.0_ros2_simulation/install/airavat_description/lib/python3.10/site-packages'
[1.605s] Level 1:colcon.colcon_core.environment:checking '/home/harsh/airavat_1.0_ros2_simulation/install/airavat_description/bin'
[1.605s] INFO:colcon.colcon_core.shell:Creating package script '/home/harsh/airavat_1.0_ros2_simulation/install/airavat_description/share/airavat_description/package.ps1'
[1.605s] INFO:colcon.colcon_core.shell:Creating package descriptor '/home/harsh/airavat_1.0_ros2_simulation/install/airavat_description/share/airavat_description/package.dsv'
[1.606s] INFO:colcon.colcon_core.shell:Creating package script '/home/harsh/airavat_1.0_ros2_simulation/install/airavat_description/share/airavat_description/package.sh'
[1.606s] INFO:colcon.colcon_core.shell:Creating package script '/home/harsh/airavat_1.0_ros2_simulation/install/airavat_description/share/airavat_description/package.bash'
[1.607s] INFO:colcon.colcon_core.shell:Creating package script '/home/harsh/airavat_1.0_ros2_simulation/install/airavat_description/share/airavat_description/package.zsh'
[1.607s] Level 1:colcon.colcon_core.environment:create_file_with_runtime_dependencies(/home/harsh/airavat_1.0_ros2_simulation/install/airavat_description/share/colcon-core/packages/airavat_description)
[1.608s] DEBUG:colcon.colcon_parallel_executor.executor.parallel:closing loop
[1.608s] DEBUG:colcon.colcon_parallel_executor.executor.parallel:loop closed
[1.608s] DEBUG:colcon.colcon_parallel_executor.executor.parallel:run_until_complete finished with '0'
[1.608s] DEBUG:colcon.colcon_core.event_reactor:joining thread
[1.613s] INFO:colcon.colcon_core.plugin_system:Skipping extension 'colcon_notification.desktop_notification.terminal_notifier': Not used on non-Darwin systems
[1.614s] INFO:colcon.colcon_core.plugin_system:Skipping extension 'colcon_notification.desktop_notification.win32': Not used on non-Windows systems
[1.614s] INFO:colcon.colcon_notification.desktop_notification:Sending desktop notification using 'notify2'
[1.640s] DEBUG:colcon.colcon_core.event_reactor:joined thread
[1.640s] INFO:colcon.colcon_core.shell:Creating prefix script '/home/harsh/airavat_1.0_ros2_simulation/install/local_setup.ps1'
[1.642s] INFO:colcon.colcon_core.shell:Creating prefix util module '/home/harsh/airavat_1.0_ros2_simulation/install/_local_setup_util_ps1.py'
[1.643s] INFO:colcon.colcon_core.shell:Creating prefix chain script '/home/harsh/airavat_1.0_ros2_simulation/install/setup.ps1'
[1.645s] INFO:colcon.colcon_core.shell:Creating prefix script '/home/harsh/airavat_1.0_ros2_simulation/install/local_setup.sh'
[1.646s] INFO:colcon.colcon_core.shell:Creating prefix util module '/home/harsh/airavat_1.0_ros2_simulation/install/_local_setup_util_sh.py'
[1.646s] INFO:colcon.colcon_core.shell:Creating prefix chain script '/home/harsh/airavat_1.0_ros2_simulation/install/setup.sh'
[1.648s] INFO:colcon.colcon_core.shell:Creating prefix script '/home/harsh/airavat_1.0_ros2_simulation/install/local_setup.bash'
[1.649s] INFO:colcon.colcon_core.shell:Creating prefix chain script '/home/harsh/airavat_1.0_ros2_simulation/install/setup.bash'
[1.650s] INFO:colcon.colcon_core.shell:Creating prefix script '/home/harsh/airavat_1.0_ros2_simulation/install/local_setup.zsh'
[1.651s] INFO:colcon.colcon_core.shell:Creating prefix chain script '/home/harsh/airavat_1.0_ros2_simulation/install/setup.zsh'
